
✅ Cleanup complete!
   Deleted: 0 files
   Kept: 148 files (last 2 days)

✅ Cleanup complete!
   Deleted: 0 files
   Kept: 156 files (last 2 days)

✅ Cleanup complete!
   Deleted: 0 files
   Kept: 164 files (last 2 days)

✅ Cleanup complete!
   Deleted: 0 files
   Kept: 164 files (last 2 days)

✅ Cleanup complete!
   Deleted: 0 files
   Kept: 171 files (last 2 days)

✅ Cleanup complete!
   Deleted: 0 files
   Kept: 179 files (last 2 days)
Deleting old file: KNVRENO347_20251028_162431.png (from 2025-10-28)
Deleting old file: KCATRUCK288_20251028_180053.png (from 2025-10-28)
Deleting old file: NOAA_DESI_HEAVENLY_20251028_082512.png (from 2025-10-28)
Deleting old file: KNVRENO347_20251028_123652.png (from 2025-10-28)
Deleting old file: KCAOLYMP3_20251028_162420.png (from 2025-10-28)
Deleting old file: NOAA_DESI_HEAVENLY_20251028_042118.png (from 2025-10-28)
Deleting old file: KCATRUCK288_20251028_060038.png (from 2025-10-28)
Deleting old file: NOAA_DESI_ALPINE_20251028_180122.png (from 2025-10-28)
Deleting old file: KNVRENO347_20251028_042047.png (from 2025-10-28)
Deleting old file: KNVRENO1473_20251028_000145.png (from 2025-10-28)
Deleting old file: KCASQUAW15_20251028_060007.png (from 2025-10-28)
Deleting old file: NOAA_DESI_HEAVENLY_20251028_123724.png (from 2025-10-28)
Deleting old file: NOAA_DESI_HEAVENLY_20251028_011816.png (from 2025-10-28)
Deleting old file: metadata_20251028_123725.json (from 2025-10-28)
Deleting old file: NOAA_DESI_ALPINE_20251028_042059.png (from 2025-10-28)
Deleting old file: KNVRENO1473_20251028_180033.png (from 2025-10-28)
Deleting old file: NOAA_DESI_ALPINE_20251028_123706.png (from 2025-10-28)
Deleting old file: NOAA_DESI_ALPINE_20251028_082453.png (from 2025-10-28)
Deleting old file: KNVRENO347_20251028_011747.png (from 2025-10-28)
Deleting old file: metadata_20251028_042119.json (from 2025-10-28)
Deleting old file: KCASQUAW15_20251028_120009.png (from 2025-10-28)
Deleting old file: KCATRUCK288_20251028_120034.png (from 2025-10-28)
Deleting old file: KCAOLYMP3_20251028_060025.png (from 2025-10-28)
Deleting old file: KNVRENO1473_20251028_011729.png (from 2025-10-28)
Deleting old file: NOAA_DESI_RENO_20251028_000812.png (from 2025-10-28)
Deleting old file: NOAA_DESI_ALPINE_20251028_060115.png (from 2025-10-28)
Deleting old file: NOAA_DESI_HEAVENLY_20251028_000822.png (from 2025-10-28)
Deleting old file: KCATRUCK288_20251028_082430.png (from 2025-10-28)
Deleting old file: KCATRUCK288_20251028_000156.png (from 2025-10-28)
Deleting old file: KCAOLYMP3_20251028_202053.png (from 2025-10-28)
Deleting old file: NOAA_DESI_RENO_20251028_180131.png (from 2025-10-28)
Deleting old file: KNVRENO1473_20251028_162416.png (from 2025-10-28)
Deleting old file: metadata_20251028_082512.json (from 2025-10-28)
Deleting old file: NOAA_DESI_HEAVENLY_20251028_202136.png (from 2025-10-28)
Deleting old file: KCAOLYMP3_20251028_042034.png (from 2025-10-28)
Deleting old file: KCASQUAW15_20251028_000140.png (from 2025-10-28)
Deleting old file: NOAA_DESI_ALPINE_20251028_120053.png (from 2025-10-28)
Deleting old file: NOAA_DESI_HEAVENLY_20251028_120114.png (from 2025-10-28)
Deleting old file: KCASQUAW15_20251028_123617.png (from 2025-10-28)
Deleting old file: NOAA_DESI_RENO_20251028_123715.png (from 2025-10-28)
Deleting old file: NOAA_DESI_HEAVENLY_20251028_060135.png (from 2025-10-28)
Deleting old file: NOAA_DESI_ALPINE_20251028_000802.png (from 2025-10-28)
Deleting old file: KNVRENO1473_20251028_060013.png (from 2025-10-28)
Deleting old file: KCAOLYMP3_20251028_011734.png (from 2025-10-28)
Deleting old file: metadata_20251028_162501.json (from 2025-10-28)
Deleting old file: KNVRENO347_20251028_060056.png (from 2025-10-28)
Deleting old file: KCATRUCK288_20251028_011738.png (from 2025-10-28)
Deleting old file: KCATRUCK288_20251028_202059.png (from 2025-10-28)
Deleting old file: KCASQUAW15_20251028_011720.png (from 2025-10-28)
Deleting old file: KCAOLYMP3_20251028_082421.png (from 2025-10-28)
Deleting old file: KCAOLYMP3_20251028_000150.png (from 2025-10-28)
Deleting old file: NOAA_DESI_RENO_20251028_011806.png (from 2025-10-28)
Deleting old file: metadata_20251028_202136.json (from 2025-10-28)
Deleting old file: NOAA_DESI_ALPINE_20251028_202118.png (from 2025-10-28)
Deleting old file: KNVRENO1473_20251028_120016.png (from 2025-10-28)
Deleting old file: NOAA_DESI_ALPINE_20251028_162442.png (from 2025-10-28)
Deleting old file: KNVRENO347_20251028_000752.png (from 2025-10-28)
Deleting old file: KCASQUAW15_20251028_180013.png (from 2025-10-28)
Deleting old file: NOAA_DESI_HEAVENLY_20251028_162500.png (from 2025-10-28)
Deleting old file: KCASQUAW15_20251028_082402.png (from 2025-10-28)
Deleting old file: KCASQUAW15_20251028_042020.png (from 2025-10-28)
Deleting old file: metadata_20251028_011816.json (from 2025-10-28)
Deleting old file: KNVRENO347_20251028_202106.png (from 2025-10-28)
Deleting old file: NOAA_DESI_RENO_20251028_082503.png (from 2025-10-28)
Deleting old file: NOAA_DESI_HEAVENLY_20251028_180141.png (from 2025-10-28)
Deleting old file: KCAOLYMP3_20251028_123638.png (from 2025-10-28)
Deleting old file: NOAA_DESI_RENO_20251028_042108.png (from 2025-10-28)
Deleting old file: KNVRENO347_20251028_120042.png (from 2025-10-28)
Deleting old file: KCATRUCK288_20251028_123647.png (from 2025-10-28)
Deleting old file: KCAOLYMP3_20251028_120021.png (from 2025-10-28)
Deleting old file: NOAA_DESI_RENO_20251028_162451.png (from 2025-10-28)
Deleting old file: KNVRENO1473_20251028_202046.png (from 2025-10-28)
Deleting old file: NOAA_DESI_RENO_20251028_060125.png (from 2025-10-28)
Deleting old file: KCATRUCK288_20251028_162427.png (from 2025-10-28)
Deleting old file: KCASQUAW15_20251028_202018.png (from 2025-10-28)
Deleting old file: NOAA_DESI_ALPINE_20251028_011757.png (from 2025-10-28)
Deleting old file: KNVRENO347_20251028_180109.png (from 2025-10-28)
Deleting old file: KNVRENO347_20251028_082440.png (from 2025-10-28)
Deleting old file: NOAA_DESI_RENO_20251028_202127.png (from 2025-10-28)
Deleting old file: KNVRENO1473_20251028_123626.png (from 2025-10-28)
Deleting old file: KCAOLYMP3_20251028_180047.png (from 2025-10-28)
Deleting old file: NOAA_DESI_RENO_20251028_120102.png (from 2025-10-28)
Deleting old file: KNVRENO1473_20251028_082411.png (from 2025-10-28)
Deleting old file: KCATRUCK288_20251028_042040.png (from 2025-10-28)
Deleting old file: KNVRENO1473_20251028_042026.png (from 2025-10-28)

✅ Cleanup complete!
   Deleted: 85 files
   Kept: 94 files (last 2 days)

✅ Cleanup complete!
   Deleted: 0 files
   Kept: 102 files (last 2 days)

✅ Cleanup complete!
   Deleted: 0 files
   Kept: 110 files (last 2 days)

✅ Cleanup complete!
   Deleted: 0 files
   Kept: 110 files (last 2 days)

✅ Cleanup complete!
   Deleted: 0 files
   Kept: 118 files (last 2 days)
